mode: set
tool/circuitbreaker/circuitbreaker.go:50.26,56.2 5 1
tool/circuitbreaker/cycle.go:34.100,40.2 5 1
tool/circuitbreaker/cycle.go:42.42,44.2 1 1
tool/circuitbreaker/cycle.go:47.62,50.16 3 1
tool/circuitbreaker/cycle.go:51.12,54.17 3 1
tool/circuitbreaker/cycle.go:57.16,60.17 3 1
tool/circuitbreaker/cycle.go:63.13,64.21 1 1
tool/circuitbreaker/cycle.go:54.17,56.4 1 1
tool/circuitbreaker/cycle.go:60.17,62.4 1 1
tool/circuitbreaker/cycle.go:69.67,70.13 1 1
tool/circuitbreaker/cycle.go:71.11,72.23 1 1
tool/circuitbreaker/cycle.go:73.12,74.20 1 1
tool/circuitbreaker/cycle.go:75.15,76.23 1 0
tool/circuitbreaker/cycle.go:77.14,78.22 1 0
tool/circuitbreaker/cycle.go:79.10,80.54 1 0
tool/circuitbreaker/cycle.go:83.67,84.13 1 1
tool/circuitbreaker/cycle.go:85.11,90.47 4 1
tool/circuitbreaker/cycle.go:91.10,94.30 2 1
tool/circuitbreaker/cycle.go:106.3,108.55 3 1
tool/circuitbreaker/cycle.go:94.30,96.14 1 1
tool/circuitbreaker/cycle.go:96.14,97.12 1 1
tool/circuitbreaker/cycle.go:98.41,102.59 4 1
tool/circuitbreaker/cycle.go:112.40,113.12 1 1
tool/circuitbreaker/cycle.go:113.12,114.10 1 1
tool/circuitbreaker/cycle.go:122.3,122.19 1 1
tool/circuitbreaker/cycle.go:115.34,119.122 4 1
tool/circuitbreaker/cycle.go:122.19,124.4 1 1
tool/circuitbreaker/cycle.go:124.4,126.4 1 1
tool/circuitbreaker/cycle.go:131.58,133.28 1 1
tool/circuitbreaker/cycle.go:137.2,144.104 5 1
tool/circuitbreaker/cycle.go:163.2,163.23 1 1
tool/circuitbreaker/cycle.go:133.28,135.3 1 1
tool/circuitbreaker/cycle.go:144.104,147.30 2 1
tool/circuitbreaker/cycle.go:159.3,161.54 3 1
tool/circuitbreaker/cycle.go:147.30,149.14 1 1
tool/circuitbreaker/cycle.go:149.14,150.12 1 1
tool/circuitbreaker/cycle.go:151.41,155.58 4 1
tool/circuitbreaker/cycle.go:167.45,171.2 3 1
tool/circuitbreaker/cycle.go:173.42,177.2 3 1
tool/circuitbreaker/cycle.go:179.45,183.2 3 0
tool/circuitbreaker/cycle.go:185.44,189.2 3 0
tool/circuitbreaker/cycle.go:191.56,194.32 2 1
tool/circuitbreaker/cycle.go:194.32,200.3 5 1
